# Logfile created on 2015-08-27 23:52:47 +0200 by logger.rb/44203
I [2015-08-27 23:52:47.901] [[32mConnectionManager[0m] Connection opened: #<Connection::2ce7fb9c5d5b0f513258>
I [2015-08-27 23:52:47.903] [[32mDispatcher[0m] Started Event: client_connected
I [2015-08-27 23:52:47.903] [[32mDispatcher[0m] [36mName:[0m client_connected
I [2015-08-27 23:52:47.903] [[32mDispatcher[0m] [36mData:[0m {"connection_id"=>"2ce7fb9c5d5b0f513258"}
I [2015-08-27 23:52:47.903] [[32mDispatcher[0m] [36mConnection:[0m #<Connection::2ce7fb9c5d5b0f513258>
E [2015-08-27 23:52:57.263] [[31mDispatcher[0m] NoMethodError: private method `select' called for nil:NilClass
E [2015-08-27 23:52:57.263] [[31mDispatcher[0m] /home/thavi/workspace/riot_api_challenge/app/models/static_data/champion.rb:9:in `find_or_build_by_id'
E [2015-08-27 23:52:57.263] [[31mDispatcher[0m] /home/thavi/workspace/riot_api_challenge/app/models/current_game_singleton.rb:80:in `block in get_champions_from_json'
E [2015-08-27 23:52:57.263] [[31mDispatcher[0m] /home/thavi/workspace/riot_api_challenge/app/models/current_game_singleton.rb:79:in `each'
E [2015-08-27 23:52:57.263] [[31mDispatcher[0m] /home/thavi/workspace/riot_api_challenge/app/models/current_game_singleton.rb:79:in `get_champions_from_json'
E [2015-08-27 23:52:57.263] [[31mDispatcher[0m] /home/thavi/workspace/riot_api_challenge/app/models/current_game_singleton.rb:26:in `initialize'
E [2015-08-27 23:52:57.263] [[31mDispatcher[0m] /home/thavi/.rvm/rubies/ruby-2.1.2/lib/ruby/2.1.0/singleton.rb:141:in `new'
E [2015-08-27 23:52:57.263] [[31mDispatcher[0m] /home/thavi/.rvm/rubies/ruby-2.1.2/lib/ruby/2.1.0/singleton.rb:141:in `block in instance'
E [2015-08-27 23:52:57.263] [[31mDispatcher[0m] /home/thavi/.rvm/rubies/ruby-2.1.2/lib/ruby/2.1.0/singleton.rb:139:in `synchronize'
E [2015-08-27 23:52:57.263] [[31mDispatcher[0m] /home/thavi/.rvm/rubies/ruby-2.1.2/lib/ruby/2.1.0/singleton.rb:139:in `instance'
E [2015-08-27 23:52:57.263] [[31mDispatcher[0m] /home/thavi/workspace/riot_api_challenge/app/controllers/timeline_messages_controller.rb:12:in `client_connected'
E [2015-08-27 23:52:57.263] [[31mDispatcher[0m] /home/thavi/.rvm/gems/ruby-2.1.2/gems/websocket-rails-0.7.0/lib/websocket_rails/base_controller.rb:27:in `process_action'
E [2015-08-27 23:52:57.263] [[31mDispatcher[0m] /home/thavi/.rvm/gems/ruby-2.1.2/gems/actionpack-4.1.6/lib/abstract_controller/callbacks.rb:20:in `block in process_action'
E [2015-08-27 23:52:57.263] [[31mDispatcher[0m] /home/thavi/.rvm/gems/ruby-2.1.2/gems/activesupport-4.1.6/lib/active_support/callbacks.rb:82:in `run_callbacks'
E [2015-08-27 23:52:57.263] [[31mDispatcher[0m] /home/thavi/.rvm/gems/ruby-2.1.2/gems/actionpack-4.1.6/lib/abstract_controller/callbacks.rb:19:in `process_action'
E [2015-08-27 23:52:57.263] [[31mDispatcher[0m] /home/thavi/.rvm/gems/ruby-2.1.2/gems/websocket-rails-0.7.0/lib/websocket_rails/dispatcher.rb:65:in `block (3 levels) in route'
E [2015-08-27 23:52:57.263] [[31mDispatcher[0m] /home/thavi/.rvm/gems/ruby-2.1.2/gems/websocket-rails-0.7.0/lib/websocket_rails/logging.rb:66:in `call'
E [2015-08-27 23:52:57.263] [[31mDispatcher[0m] /home/thavi/.rvm/gems/ruby-2.1.2/gems/websocket-rails-0.7.0/lib/websocket_rails/logging.rb:66:in `log_event'
E [2015-08-27 23:52:57.264] [[31mDispatcher[0m] /home/thavi/.rvm/gems/ruby-2.1.2/gems/websocket-rails-0.7.0/lib/websocket_rails/dispatcher.rb:62:in `block (2 levels) in route'

I [2015-08-27 23:53:18.823] [[32mConnectionManager[0m] Connection closed: #<Connection::2ce7fb9c5d5b0f513258>
I [2015-08-27 23:53:18.823] [[32mDispatcher[0m] Started Event: client_disconnected
I [2015-08-27 23:53:18.823] [[32mDispatcher[0m] [36mName:[0m client_disconnected
I [2015-08-27 23:53:18.823] [[32mDispatcher[0m] [36mConnection:[0m #<Connection::2ce7fb9c5d5b0f513258>
I [2015-08-27 23:53:18.824] [[32mDispatcher[0m] Event client_disconnected Finished in 0.000653268 seconds
I [2015-08-27 23:53:18.940] [[32mConnectionManager[0m] Connection opened: #<Connection::228003323e5eb2e2ec84>
I [2015-08-27 23:53:18.941] [[32mDispatcher[0m] Started Event: client_connected
I [2015-08-27 23:53:18.941] [[32mDispatcher[0m] [36mName:[0m client_connected
I [2015-08-27 23:53:18.941] [[32mDispatcher[0m] [36mData:[0m {"connection_id"=>"228003323e5eb2e2ec84"}
I [2015-08-27 23:53:18.941] [[32mDispatcher[0m] [36mConnection:[0m #<Connection::228003323e5eb2e2ec84>
E [2015-08-27 23:53:30.952] [[31mDispatcher[0m] NoMethodError: private method `select' called for nil:NilClass
E [2015-08-27 23:53:30.952] [[31mDispatcher[0m] /home/thavi/workspace/riot_api_challenge/app/models/static_data/champion.rb:9:in `find_or_build_by_id'
E [2015-08-27 23:53:30.952] [[31mDispatcher[0m] /home/thavi/workspace/riot_api_challenge/app/models/current_game_singleton.rb:80:in `block in get_champions_from_json'
E [2015-08-27 23:53:30.952] [[31mDispatcher[0m] /home/thavi/workspace/riot_api_challenge/app/models/current_game_singleton.rb:79:in `each'
E [2015-08-27 23:53:30.952] [[31mDispatcher[0m] /home/thavi/workspace/riot_api_challenge/app/models/current_game_singleton.rb:79:in `get_champions_from_json'
E [2015-08-27 23:53:30.952] [[31mDispatcher[0m] /home/thavi/workspace/riot_api_challenge/app/models/current_game_singleton.rb:26:in `initialize'
E [2015-08-27 23:53:30.952] [[31mDispatcher[0m] /home/thavi/.rvm/rubies/ruby-2.1.2/lib/ruby/2.1.0/singleton.rb:141:in `new'
E [2015-08-27 23:53:30.952] [[31mDispatcher[0m] /home/thavi/.rvm/rubies/ruby-2.1.2/lib/ruby/2.1.0/singleton.rb:141:in `block in instance'
E [2015-08-27 23:53:30.952] [[31mDispatcher[0m] /home/thavi/.rvm/rubies/ruby-2.1.2/lib/ruby/2.1.0/singleton.rb:139:in `synchronize'
E [2015-08-27 23:53:30.952] [[31mDispatcher[0m] /home/thavi/.rvm/rubies/ruby-2.1.2/lib/ruby/2.1.0/singleton.rb:139:in `instance'
E [2015-08-27 23:53:30.952] [[31mDispatcher[0m] /home/thavi/workspace/riot_api_challenge/app/controllers/timeline_messages_controller.rb:12:in `client_connected'
E [2015-08-27 23:53:30.952] [[31mDispatcher[0m] /home/thavi/.rvm/gems/ruby-2.1.2/gems/websocket-rails-0.7.0/lib/websocket_rails/base_controller.rb:27:in `process_action'
E [2015-08-27 23:53:30.952] [[31mDispatcher[0m] /home/thavi/.rvm/gems/ruby-2.1.2/gems/actionpack-4.1.6/lib/abstract_controller/callbacks.rb:20:in `block in process_action'
E [2015-08-27 23:53:30.952] [[31mDispatcher[0m] /home/thavi/.rvm/gems/ruby-2.1.2/gems/activesupport-4.1.6/lib/active_support/callbacks.rb:82:in `run_callbacks'
E [2015-08-27 23:53:30.952] [[31mDispatcher[0m] /home/thavi/.rvm/gems/ruby-2.1.2/gems/actionpack-4.1.6/lib/abstract_controller/callbacks.rb:19:in `process_action'
E [2015-08-27 23:53:30.953] [[31mDispatcher[0m] /home/thavi/.rvm/gems/ruby-2.1.2/gems/websocket-rails-0.7.0/lib/websocket_rails/dispatcher.rb:65:in `block (3 levels) in route'
E [2015-08-27 23:53:30.953] [[31mDispatcher[0m] /home/thavi/.rvm/gems/ruby-2.1.2/gems/websocket-rails-0.7.0/lib/websocket_rails/logging.rb:66:in `call'
E [2015-08-27 23:53:30.953] [[31mDispatcher[0m] /home/thavi/.rvm/gems/ruby-2.1.2/gems/websocket-rails-0.7.0/lib/websocket_rails/logging.rb:66:in `log_event'
E [2015-08-27 23:53:30.953] [[31mDispatcher[0m] /home/thavi/.rvm/gems/ruby-2.1.2/gems/websocket-rails-0.7.0/lib/websocket_rails/dispatcher.rb:62:in `block (2 levels) in route'

I [2015-08-27 23:54:20.585] [[32mConnectionManager[0m] Connection closed: #<Connection::228003323e5eb2e2ec84>
I [2015-08-27 23:54:20.585] [[32mDispatcher[0m] Started Event: client_disconnected
I [2015-08-27 23:54:20.585] [[32mDispatcher[0m] [36mName:[0m client_disconnected
I [2015-08-27 23:54:20.585] [[32mDispatcher[0m] [36mConnection:[0m #<Connection::228003323e5eb2e2ec84>
I [2015-08-27 23:54:20.586] [[32mDispatcher[0m] Event client_disconnected Finished in 0.0005059 seconds
I [2015-08-27 23:54:20.703] [[32mConnectionManager[0m] Connection opened: #<Connection::73b245fe94f7cd89d101>
I [2015-08-27 23:54:20.705] [[32mDispatcher[0m] Started Event: client_connected
I [2015-08-27 23:54:20.705] [[32mDispatcher[0m] [36mName:[0m client_connected
I [2015-08-27 23:54:20.705] [[32mDispatcher[0m] [36mData:[0m {"connection_id"=>"73b245fe94f7cd89d101"}
I [2015-08-27 23:54:20.705] [[32mDispatcher[0m] [36mConnection:[0m #<Connection::73b245fe94f7cd89d101>
I [2015-08-27 23:54:28.381] [[32mDispatcher[0m] Event client_connected Finished in 7.332811533 seconds
I [2015-08-27 23:55:11.477] [[32mConnectionManager[0m] Connection closed: #<Connection::73b245fe94f7cd89d101>
I [2015-08-27 23:55:11.481] [[32mDispatcher[0m] Started Event: client_disconnected
I [2015-08-27 23:55:11.481] [[32mDispatcher[0m] [36mName:[0m client_disconnected
I [2015-08-27 23:55:11.481] [[32mDispatcher[0m] [36mConnection:[0m #<Connection::73b245fe94f7cd89d101>
I [2015-08-27 23:55:11.482] [[32mDispatcher[0m] Event client_disconnected Finished in 0.000432569 seconds
I [2015-08-27 23:55:11.554] [[32mConnectionManager[0m] Connection opened: #<Connection::04098bc050e4cc7991f2>
I [2015-08-27 23:55:11.554] [[32mDispatcher[0m] Started Event: client_connected
I [2015-08-27 23:55:11.555] [[32mDispatcher[0m] [36mName:[0m client_connected
I [2015-08-27 23:55:11.555] [[32mDispatcher[0m] [36mData:[0m {"connection_id"=>"04098bc050e4cc7991f2"}
I [2015-08-27 23:55:11.555] [[32mDispatcher[0m] [36mConnection:[0m #<Connection::04098bc050e4cc7991f2>
I [2015-08-27 23:55:11.557] [[32mDispatcher[0m] Event client_connected Finished in 0.002002475 seconds
I [2015-08-27 23:55:19.851] [[32mConnectionManager[0m] Connection closed: #<Connection::04098bc050e4cc7991f2>
I [2015-08-27 23:55:23.166] [[32mConnectionManager[0m] Connection opened: #<Connection::2dc0e3393975541e80e9>
I [2015-08-27 23:55:23.174] [[32mDispatcher[0m] Started Event: client_connected
I [2015-08-27 23:55:23.174] [[32mDispatcher[0m] [36mName:[0m client_connected
I [2015-08-27 23:55:23.174] [[32mDispatcher[0m] [36mData:[0m {"connection_id"=>"2dc0e3393975541e80e9"}
I [2015-08-27 23:55:23.174] [[32mDispatcher[0m] [36mConnection:[0m #<Connection::2dc0e3393975541e80e9>
E [2015-08-27 23:55:24.581] [[31mDispatcher[0m] NoMethodError: private method `select' called for nil:NilClass
E [2015-08-27 23:55:24.581] [[31mDispatcher[0m] /home/thavi/workspace/riot_api_challenge/app/models/static_data/champion.rb:9:in `find_or_build_by_id'
E [2015-08-27 23:55:24.581] [[31mDispatcher[0m] /home/thavi/workspace/riot_api_challenge/app/models/current_game_singleton.rb:80:in `block in get_champions_from_json'
E [2015-08-27 23:55:24.581] [[31mDispatcher[0m] /home/thavi/workspace/riot_api_challenge/app/models/current_game_singleton.rb:79:in `each'
E [2015-08-27 23:55:24.581] [[31mDispatcher[0m] /home/thavi/workspace/riot_api_challenge/app/models/current_game_singleton.rb:79:in `get_champions_from_json'
E [2015-08-27 23:55:24.581] [[31mDispatcher[0m] /home/thavi/workspace/riot_api_challenge/app/models/current_game_singleton.rb:26:in `initialize'
E [2015-08-27 23:55:24.581] [[31mDispatcher[0m] /home/thavi/.rvm/rubies/ruby-2.1.2/lib/ruby/2.1.0/singleton.rb:141:in `new'
E [2015-08-27 23:55:24.581] [[31mDispatcher[0m] /home/thavi/.rvm/rubies/ruby-2.1.2/lib/ruby/2.1.0/singleton.rb:141:in `block in instance'
E [2015-08-27 23:55:24.581] [[31mDispatcher[0m] /home/thavi/.rvm/rubies/ruby-2.1.2/lib/ruby/2.1.0/singleton.rb:139:in `synchronize'
E [2015-08-27 23:55:24.581] [[31mDispatcher[0m] /home/thavi/.rvm/rubies/ruby-2.1.2/lib/ruby/2.1.0/singleton.rb:139:in `instance'
E [2015-08-27 23:55:24.581] [[31mDispatcher[0m] /home/thavi/workspace/riot_api_challenge/app/controllers/timeline_messages_controller.rb:12:in `client_connected'
E [2015-08-27 23:55:24.581] [[31mDispatcher[0m] /home/thavi/.rvm/gems/ruby-2.1.2/gems/websocket-rails-0.7.0/lib/websocket_rails/base_controller.rb:27:in `process_action'
E [2015-08-27 23:55:24.581] [[31mDispatcher[0m] /home/thavi/.rvm/gems/ruby-2.1.2/gems/actionpack-4.1.6/lib/abstract_controller/callbacks.rb:20:in `block in process_action'
E [2015-08-27 23:55:24.581] [[31mDispatcher[0m] /home/thavi/.rvm/gems/ruby-2.1.2/gems/activesupport-4.1.6/lib/active_support/callbacks.rb:82:in `run_callbacks'
E [2015-08-27 23:55:24.581] [[31mDispatcher[0m] /home/thavi/.rvm/gems/ruby-2.1.2/gems/actionpack-4.1.6/lib/abstract_controller/callbacks.rb:19:in `process_action'
E [2015-08-27 23:55:24.581] [[31mDispatcher[0m] /home/thavi/.rvm/gems/ruby-2.1.2/gems/websocket-rails-0.7.0/lib/websocket_rails/dispatcher.rb:65:in `block (3 levels) in route'
E [2015-08-27 23:55:24.581] [[31mDispatcher[0m] /home/thavi/.rvm/gems/ruby-2.1.2/gems/websocket-rails-0.7.0/lib/websocket_rails/logging.rb:66:in `call'
E [2015-08-27 23:55:24.581] [[31mDispatcher[0m] /home/thavi/.rvm/gems/ruby-2.1.2/gems/websocket-rails-0.7.0/lib/websocket_rails/logging.rb:66:in `log_event'
E [2015-08-27 23:55:24.581] [[31mDispatcher[0m] /home/thavi/.rvm/gems/ruby-2.1.2/gems/websocket-rails-0.7.0/lib/websocket_rails/dispatcher.rb:62:in `block (2 levels) in route'

I [2015-08-27 23:55:51.719] [[32mConnectionManager[0m] Connection closed: #<Connection::2dc0e3393975541e80e9>
I [2015-08-27 23:55:51.719] [[32mDispatcher[0m] Started Event: client_disconnected
I [2015-08-27 23:55:51.719] [[32mDispatcher[0m] [36mName:[0m client_disconnected
I [2015-08-27 23:55:51.719] [[32mDispatcher[0m] [36mConnection:[0m #<Connection::2dc0e3393975541e80e9>
I [2015-08-27 23:55:51.720] [[32mDispatcher[0m] Event client_disconnected Finished in 0.000390183 seconds
I [2015-08-27 23:55:51.820] [[32mConnectionManager[0m] Connection opened: #<Connection::1c517d0066cea9e2a0aa>
I [2015-08-27 23:55:51.820] [[32mDispatcher[0m] Started Event: client_connected
I [2015-08-27 23:55:51.821] [[32mDispatcher[0m] [36mName:[0m client_connected
I [2015-08-27 23:55:51.821] [[32mDispatcher[0m] [36mData:[0m {"connection_id"=>"1c517d0066cea9e2a0aa"}
I [2015-08-27 23:55:51.821] [[32mDispatcher[0m] [36mConnection:[0m #<Connection::1c517d0066cea9e2a0aa>
I [2015-08-27 23:56:02.951] [[32mDispatcher[0m] Event client_connected Finished in 11.13069886 seconds
I [2015-08-27 23:56:52.993] [[32mConnectionManager[0m] Connection closed: #<Connection::1c517d0066cea9e2a0aa>
I [2015-08-28 01:47:03.330] [[32mConnectionManager[0m] Connection opened: #<Connection::7fc8c8544b01509b1008>
I [2015-08-28 01:47:03.333] [[32mDispatcher[0m] Started Event: client_connected
I [2015-08-28 01:47:03.333] [[32mDispatcher[0m] [36mName:[0m client_connected
I [2015-08-28 01:47:03.333] [[32mDispatcher[0m] [36mData:[0m {"connection_id"=>"7fc8c8544b01509b1008"}
I [2015-08-28 01:47:03.333] [[32mDispatcher[0m] [36mConnection:[0m #<Connection::7fc8c8544b01509b1008>
I [2015-08-28 01:47:33.249] [[32mDispatcher[0m] Event client_connected Finished in 29.915671361 seconds
I [2015-08-28 01:47:33.287] [[32mConnectionManager[0m] Connection closed: #<Connection::7fc8c8544b01509b1008>
I [2015-08-28 01:47:33.287] [[32mDispatcher[0m] Started Event: client_disconnected
I [2015-08-28 01:47:33.287] [[32mDispatcher[0m] [36mName:[0m client_disconnected
I [2015-08-28 01:47:33.287] [[32mDispatcher[0m] [36mConnection:[0m #<Connection::7fc8c8544b01509b1008>
I [2015-08-28 01:47:33.288] [[32mDispatcher[0m] Event client_disconnected Finished in 0.000463737 seconds
I [2015-08-28 01:47:33.384] [[32mConnectionManager[0m] Connection opened: #<Connection::6a9c155d1410cdbe8ffa>
I [2015-08-28 01:47:33.391] [[32mDispatcher[0m] Started Event: client_connected
I [2015-08-28 01:47:33.391] [[32mDispatcher[0m] [36mName:[0m client_connected
I [2015-08-28 01:47:33.391] [[32mDispatcher[0m] [36mData:[0m {"connection_id"=>"6a9c155d1410cdbe8ffa"}
I [2015-08-28 01:47:33.391] [[32mDispatcher[0m] [36mConnection:[0m #<Connection::6a9c155d1410cdbe8ffa>
I [2015-08-28 01:47:33.393] [[32mDispatcher[0m] Event client_connected Finished in 0.002046203 seconds
I [2015-08-28 01:54:12.837] [[32mConnectionManager[0m] Connection closed: #<Connection::6a9c155d1410cdbe8ffa>
I [2015-08-28 01:54:12.837] [[32mDispatcher[0m] Started Event: client_disconnected
I [2015-08-28 01:54:12.837] [[32mDispatcher[0m] [36mName:[0m client_disconnected
I [2015-08-28 01:54:12.837] [[32mDispatcher[0m] [36mConnection:[0m #<Connection::6a9c155d1410cdbe8ffa>
I [2015-08-28 01:54:12.837] [[32mDispatcher[0m] Event client_disconnected Finished in 0.000415184 seconds
I [2015-08-28 01:54:12.972] [[32mConnectionManager[0m] Connection opened: #<Connection::3858eb759752389f54ec>
I [2015-08-28 01:54:12.973] [[32mDispatcher[0m] Started Event: client_connected
I [2015-08-28 01:54:12.973] [[32mDispatcher[0m] [36mName:[0m client_connected
I [2015-08-28 01:54:12.973] [[32mDispatcher[0m] [36mData:[0m {"connection_id"=>"3858eb759752389f54ec"}
I [2015-08-28 01:54:12.973] [[32mDispatcher[0m] [36mConnection:[0m #<Connection::3858eb759752389f54ec>
I [2015-08-28 01:54:13.299] [[32mDispatcher[0m] Event client_connected Finished in 0.056199956 seconds
I [2015-08-28 01:55:58.417] [[32mConnectionManager[0m] Connection closed: #<Connection::3858eb759752389f54ec>
I [2015-08-28 01:55:58.417] [[32mDispatcher[0m] Started Event: client_disconnected
I [2015-08-28 01:55:58.417] [[32mDispatcher[0m] [36mName:[0m client_disconnected
I [2015-08-28 01:55:58.417] [[32mDispatcher[0m] [36mConnection:[0m #<Connection::3858eb759752389f54ec>
I [2015-08-28 01:55:58.417] [[32mDispatcher[0m] Event client_disconnected Finished in 0.00035431 seconds
I [2015-08-28 01:55:58.518] [[32mConnectionManager[0m] Connection opened: #<Connection::6c70fa446e05a7034c55>
I [2015-08-28 01:55:58.518] [[32mDispatcher[0m] Started Event: client_connected
I [2015-08-28 01:55:58.518] [[32mDispatcher[0m] [36mName:[0m client_connected
I [2015-08-28 01:55:58.518] [[32mDispatcher[0m] [36mData:[0m {"connection_id"=>"6c70fa446e05a7034c55"}
I [2015-08-28 01:55:58.518] [[32mDispatcher[0m] [36mConnection:[0m #<Connection::6c70fa446e05a7034c55>
I [2015-08-28 01:55:58.542] [[32mDispatcher[0m] Event client_connected Finished in 0.023036255 seconds
I [2015-08-28 01:59:09.577] [[32mConnectionManager[0m] Connection closed: #<Connection::6c70fa446e05a7034c55>
I [2015-08-28 01:59:09.582] [[32mDispatcher[0m] Started Event: client_disconnected
I [2015-08-28 01:59:09.582] [[32mDispatcher[0m] [36mName:[0m client_disconnected
I [2015-08-28 01:59:09.582] [[32mDispatcher[0m] [36mConnection:[0m #<Connection::6c70fa446e05a7034c55>
I [2015-08-28 01:59:09.583] [[32mDispatcher[0m] Event client_disconnected Finished in 0.000481653 seconds
I [2015-08-28 01:59:37.933] [[32mConnectionManager[0m] Connection opened: #<Connection::b7682399e66790a3c334>
I [2015-08-28 01:59:37.933] [[32mDispatcher[0m] Started Event: client_connected
I [2015-08-28 01:59:37.933] [[32mDispatcher[0m] [36mName:[0m client_connected
I [2015-08-28 01:59:37.934] [[32mDispatcher[0m] [36mData:[0m {"connection_id"=>"b7682399e66790a3c334"}
I [2015-08-28 01:59:37.934] [[32mDispatcher[0m] [36mConnection:[0m #<Connection::b7682399e66790a3c334>
I [2015-08-28 01:59:37.936] [[32mDispatcher[0m] Event client_connected Finished in 0.001882257 seconds
I [2015-08-28 02:00:12.776] [[32mConnectionManager[0m] Connection closed: #<Connection::b7682399e66790a3c334>
I [2015-08-28 02:00:12.776] [[32mDispatcher[0m] Started Event: client_disconnected
I [2015-08-28 02:00:12.776] [[32mDispatcher[0m] [36mName:[0m client_disconnected
I [2015-08-28 02:00:12.776] [[32mDispatcher[0m] [36mConnection:[0m #<Connection::b7682399e66790a3c334>
I [2015-08-28 02:00:12.780] [[32mDispatcher[0m] Event client_disconnected Finished in 0.004396606 seconds
I [2015-08-28 02:00:12.875] [[32mConnectionManager[0m] Connection opened: #<Connection::99e8d02fa8abd93601bd>
I [2015-08-28 02:00:12.876] [[32mDispatcher[0m] Started Event: client_connected
I [2015-08-28 02:00:12.876] [[32mDispatcher[0m] [36mName:[0m client_connected
I [2015-08-28 02:00:12.876] [[32mDispatcher[0m] [36mData:[0m {"connection_id"=>"99e8d02fa8abd93601bd"}
I [2015-08-28 02:00:12.876] [[32mDispatcher[0m] [36mConnection:[0m #<Connection::99e8d02fa8abd93601bd>
I [2015-08-28 02:00:12.878] [[32mDispatcher[0m] Event client_connected Finished in 0.001901474 seconds
I [2015-08-28 02:00:27.610] [[32mConnectionManager[0m] Connection closed: #<Connection::99e8d02fa8abd93601bd>
I [2015-08-28 02:00:27.610] [[32mDispatcher[0m] Started Event: client_disconnected
I [2015-08-28 02:00:27.610] [[32mDispatcher[0m] [36mName:[0m client_disconnected
I [2015-08-28 02:00:27.610] [[32mDispatcher[0m] [36mConnection:[0m #<Connection::99e8d02fa8abd93601bd>
I [2015-08-28 02:00:27.611] [[32mDispatcher[0m] Event client_disconnected Finished in 0.000439496 seconds
I [2015-08-28 02:00:27.722] [[32mConnectionManager[0m] Connection opened: #<Connection::30942cc13dfe119ddb0a>
I [2015-08-28 02:00:27.723] [[32mDispatcher[0m] Started Event: client_connected
I [2015-08-28 02:00:27.723] [[32mDispatcher[0m] [36mName:[0m client_connected
I [2015-08-28 02:00:27.723] [[32mDispatcher[0m] [36mData:[0m {"connection_id"=>"30942cc13dfe119ddb0a"}
I [2015-08-28 02:00:27.723] [[32mDispatcher[0m] [36mConnection:[0m #<Connection::30942cc13dfe119ddb0a>
I [2015-08-28 02:00:27.726] [[32mDispatcher[0m] Event client_connected Finished in 0.002164809 seconds
I [2015-08-28 02:01:38.706] [[32mConnectionManager[0m] Connection opened: #<Connection::37e808d592c02900e38b>
I [2015-08-28 02:01:38.707] [[32mDispatcher[0m] Started Event: client_connected
I [2015-08-28 02:01:38.707] [[32mDispatcher[0m] [36mName:[0m client_connected
I [2015-08-28 02:01:38.707] [[32mDispatcher[0m] [36mData:[0m {"connection_id"=>"37e808d592c02900e38b"}
I [2015-08-28 02:01:38.707] [[32mDispatcher[0m] [36mConnection:[0m #<Connection::37e808d592c02900e38b>
I [2015-08-28 02:01:38.719] [[32mDispatcher[0m] Event client_connected Finished in 0.012261021 seconds
I [2015-08-28 02:01:56.697] [[32mConnectionManager[0m] Connection closed: #<Connection::37e808d592c02900e38b>
I [2015-08-28 02:01:56.707] [[32mDispatcher[0m] Started Event: client_disconnected
I [2015-08-28 02:01:56.707] [[32mDispatcher[0m] [36mName:[0m client_disconnected
I [2015-08-28 02:01:56.708] [[32mDispatcher[0m] [36mConnection:[0m #<Connection::37e808d592c02900e38b>
I [2015-08-28 02:01:56.708] [[32mDispatcher[0m] Event client_disconnected Finished in 0.000475061 seconds
I [2015-08-28 02:02:29.485] [[32mConnectionManager[0m] Connection opened: #<Connection::5592c59095d65b3a4a83>
I [2015-08-28 02:02:29.486] [[32mDispatcher[0m] Started Event: client_connected
I [2015-08-28 02:02:29.486] [[32mDispatcher[0m] [36mName:[0m client_connected
I [2015-08-28 02:02:29.486] [[32mDispatcher[0m] [36mData:[0m {"connection_id"=>"5592c59095d65b3a4a83"}
I [2015-08-28 02:02:29.486] [[32mDispatcher[0m] [36mConnection:[0m #<Connection::5592c59095d65b3a4a83>
I [2015-08-28 02:02:29.522] [[32mDispatcher[0m] Event client_connected Finished in 0.036253883 seconds
I [2015-08-28 02:02:56.140] [[32mConnectionManager[0m] Connection closed: #<Connection::5592c59095d65b3a4a83>
I [2015-08-28 02:02:56.141] [[32mDispatcher[0m] Started Event: client_disconnected
I [2015-08-28 02:02:56.141] [[32mDispatcher[0m] [36mName:[0m client_disconnected
I [2015-08-28 02:02:56.141] [[32mDispatcher[0m] [36mConnection:[0m #<Connection::5592c59095d65b3a4a83>
I [2015-08-28 02:02:56.141] [[32mDispatcher[0m] Event client_disconnected Finished in 0.000331971 seconds
I [2015-08-28 02:02:56.220] [[32mConnectionManager[0m] Connection opened: #<Connection::3bea260692f1bf591207>
I [2015-08-28 02:02:56.220] [[32mDispatcher[0m] Started Event: client_connected
I [2015-08-28 02:02:56.220] [[32mDispatcher[0m] [36mName:[0m client_connected
I [2015-08-28 02:02:56.221] [[32mDispatcher[0m] [36mData:[0m {"connection_id"=>"3bea260692f1bf591207"}
I [2015-08-28 02:02:56.221] [[32mDispatcher[0m] [36mConnection:[0m #<Connection::3bea260692f1bf591207>
I [2015-08-28 02:02:56.259] [[32mDispatcher[0m] Event client_connected Finished in 0.038114297 seconds
I [2015-08-28 02:03:10.815] [[32mConnectionManager[0m] Connection closed: #<Connection::3bea260692f1bf591207>
I [2015-08-28 02:03:10.815] [[32mDispatcher[0m] Started Event: client_disconnected
I [2015-08-28 02:03:10.815] [[32mDispatcher[0m] [36mName:[0m client_disconnected
I [2015-08-28 02:03:10.815] [[32mDispatcher[0m] [36mConnection:[0m #<Connection::3bea260692f1bf591207>
I [2015-08-28 02:03:10.816] [[32mDispatcher[0m] Event client_disconnected Finished in 0.000364767 seconds
I [2015-08-28 02:03:10.883] [[32mConnectionManager[0m] Connection opened: #<Connection::cb531a714284f5f14d24>
I [2015-08-28 02:03:10.884] [[32mDispatcher[0m] Started Event: client_connected
I [2015-08-28 02:03:10.884] [[32mDispatcher[0m] [36mName:[0m client_connected
I [2015-08-28 02:03:10.884] [[32mDispatcher[0m] [36mData:[0m {"connection_id"=>"cb531a714284f5f14d24"}
I [2015-08-28 02:03:10.884] [[32mDispatcher[0m] [36mConnection:[0m #<Connection::cb531a714284f5f14d24>
I [2015-08-28 02:03:10.926] [[32mDispatcher[0m] Event client_connected Finished in 0.041830649 seconds
I [2015-08-28 02:03:59.610] [[32mConnectionManager[0m] Connection closed: #<Connection::cb531a714284f5f14d24>
I [2015-08-28 02:03:59.650] [[32mDispatcher[0m] Started Event: client_disconnected
I [2015-08-28 02:03:59.650] [[32mDispatcher[0m] [36mName:[0m client_disconnected
I [2015-08-28 02:03:59.650] [[32mDispatcher[0m] [36mConnection:[0m #<Connection::cb531a714284f5f14d24>
I [2015-08-28 02:03:59.651] [[32mDispatcher[0m] Event client_disconnected Finished in 0.000347638 seconds
I [2015-08-28 02:03:59.755] [[32mConnectionManager[0m] Connection opened: #<Connection::88713e97f18329656c13>
I [2015-08-28 02:03:59.757] [[32mDispatcher[0m] Started Event: client_connected
I [2015-08-28 02:03:59.757] [[32mDispatcher[0m] [36mName:[0m client_connected
I [2015-08-28 02:03:59.757] [[32mDispatcher[0m] [36mData:[0m {"connection_id"=>"88713e97f18329656c13"}
I [2015-08-28 02:03:59.757] [[32mDispatcher[0m] [36mConnection:[0m #<Connection::88713e97f18329656c13>
I [2015-08-28 02:03:59.812] [[32mDispatcher[0m] Event client_connected Finished in 0.054429932 seconds
I [2015-08-28 02:04:05.756] [[32mConnectionManager[0m] Connection closed: #<Connection::88713e97f18329656c13>
I [2015-08-28 02:04:05.756] [[32mDispatcher[0m] Started Event: client_disconnected
I [2015-08-28 02:04:05.756] [[32mDispatcher[0m] [36mName:[0m client_disconnected
I [2015-08-28 02:04:05.756] [[32mDispatcher[0m] [36mConnection:[0m #<Connection::88713e97f18329656c13>
I [2015-08-28 02:04:05.756] [[32mDispatcher[0m] Event client_disconnected Finished in 0.000373429 seconds
I [2015-08-28 02:04:05.858] [[32mConnectionManager[0m] Connection opened: #<Connection::1a7dd2b29466ccc28641>
I [2015-08-28 02:04:05.859] [[32mDispatcher[0m] Started Event: client_connected
I [2015-08-28 02:04:05.859] [[32mDispatcher[0m] [36mName:[0m client_connected
I [2015-08-28 02:04:05.859] [[32mDispatcher[0m] [36mData:[0m {"connection_id"=>"1a7dd2b29466ccc28641"}
I [2015-08-28 02:04:05.859] [[32mDispatcher[0m] [36mConnection:[0m #<Connection::1a7dd2b29466ccc28641>
I [2015-08-28 02:04:05.919] [[32mDispatcher[0m] Event client_connected Finished in 0.059653976 seconds
I [2015-08-28 02:04:44.963] [[32mConnectionManager[0m] Connection closed: #<Connection::1a7dd2b29466ccc28641>
I [2015-08-28 02:04:44.964] [[32mDispatcher[0m] Started Event: client_disconnected
I [2015-08-28 02:04:44.964] [[32mDispatcher[0m] [36mName:[0m client_disconnected
I [2015-08-28 02:04:44.964] [[32mDispatcher[0m] [36mConnection:[0m #<Connection::1a7dd2b29466ccc28641>
I [2015-08-28 02:04:44.968] [[32mDispatcher[0m] Event client_disconnected Finished in 0.000311203 seconds
I [2015-08-28 02:04:44.195] [[32mConnectionManager[0m] Connection opened: #<Connection::9c122e23893316057344>
I [2015-08-28 02:04:44.195] [[32mDispatcher[0m] Started Event: client_connected
I [2015-08-28 02:04:44.195] [[32mDispatcher[0m] [36mName:[0m client_connected
I [2015-08-28 02:04:44.195] [[32mDispatcher[0m] [36mData:[0m {"connection_id"=>"9c122e23893316057344"}
I [2015-08-28 02:04:44.195] [[32mDispatcher[0m] [36mConnection:[0m #<Connection::9c122e23893316057344>
I [2015-08-28 02:04:44.266] [[32mDispatcher[0m] Event client_connected Finished in 0.070757975 seconds
I [2015-08-28 02:04:52.397] [[32mConnectionManager[0m] Connection closed: #<Connection::9c122e23893316057344>
I [2015-08-28 02:04:52.397] [[32mDispatcher[0m] Started Event: client_disconnected
I [2015-08-28 02:04:52.397] [[32mDispatcher[0m] [36mName:[0m client_disconnected
I [2015-08-28 02:04:52.397] [[32mDispatcher[0m] [36mConnection:[0m #<Connection::9c122e23893316057344>
I [2015-08-28 02:04:52.397] [[32mDispatcher[0m] Event client_disconnected Finished in 0.000325416 seconds
I [2015-08-28 02:04:52.493] [[32mConnectionManager[0m] Connection opened: #<Connection::2643bb6ac2d5736fcc29>
I [2015-08-28 02:04:52.494] [[32mDispatcher[0m] Started Event: client_connected
I [2015-08-28 02:04:52.494] [[32mDispatcher[0m] [36mName:[0m client_connected
I [2015-08-28 02:04:52.494] [[32mDispatcher[0m] [36mData:[0m {"connection_id"=>"2643bb6ac2d5736fcc29"}
I [2015-08-28 02:04:52.494] [[32mDispatcher[0m] [36mConnection:[0m #<Connection::2643bb6ac2d5736fcc29>
I [2015-08-28 02:04:52.559] [[32mDispatcher[0m] Event client_connected Finished in 0.064928166 seconds
I [2015-08-28 02:05:07.872] [[32mConnectionManager[0m] Connection closed: #<Connection::2643bb6ac2d5736fcc29>
I [2015-08-28 02:05:07.873] [[32mDispatcher[0m] Started Event: client_disconnected
I [2015-08-28 02:05:07.873] [[32mDispatcher[0m] [36mName:[0m client_disconnected
I [2015-08-28 02:05:07.873] [[32mDispatcher[0m] [36mConnection:[0m #<Connection::2643bb6ac2d5736fcc29>
I [2015-08-28 02:05:07.873] [[32mDispatcher[0m] Event client_disconnected Finished in 0.0003734 seconds
I [2015-08-28 02:05:07.978] [[32mConnectionManager[0m] Connection opened: #<Connection::da9466dc900a3ae26d04>
I [2015-08-28 02:05:07.979] [[32mDispatcher[0m] Started Event: client_connected
I [2015-08-28 02:05:07.979] [[32mDispatcher[0m] [36mName:[0m client_connected
I [2015-08-28 02:05:07.979] [[32mDispatcher[0m] [36mData:[0m {"connection_id"=>"da9466dc900a3ae26d04"}
I [2015-08-28 02:05:07.979] [[32mDispatcher[0m] [36mConnection:[0m #<Connection::da9466dc900a3ae26d04>
I [2015-08-28 02:05:08.453] [[32mDispatcher[0m] Event client_connected Finished in 0.065527681 seconds
I [2015-08-28 02:06:07.992] [[32mConnectionManager[0m] Connection closed: #<Connection::da9466dc900a3ae26d04>
I [2015-08-28 02:06:07.992] [[32mDispatcher[0m] Started Event: client_disconnected
I [2015-08-28 02:06:07.992] [[32mDispatcher[0m] [36mName:[0m client_disconnected
I [2015-08-28 02:06:07.992] [[32mDispatcher[0m] [36mConnection:[0m #<Connection::da9466dc900a3ae26d04>
I [2015-08-28 02:06:07.993] [[32mDispatcher[0m] Event client_disconnected Finished in 0.000398603 seconds
I [2015-08-28 02:06:37.841] [[32mConnectionManager[0m] Connection closed: #<Connection::da9466dc900a3ae26d04>
I [2015-08-28 02:06:37.842] [[32mDispatcher[0m] Started Event: client_disconnected
I [2015-08-28 02:06:37.842] [[32mDispatcher[0m] [36mName:[0m client_disconnected
I [2015-08-28 02:06:37.842] [[32mDispatcher[0m] [36mConnection:[0m #<Connection::da9466dc900a3ae26d04>
I [2015-08-28 02:06:37.842] [[32mDispatcher[0m] Event client_disconnected Finished in 0.000327291 seconds
I [2015-08-28 02:06:37.941] [[32mConnectionManager[0m] Connection opened: #<Connection::d446f34fb8c828847e8d>
I [2015-08-28 02:06:37.942] [[32mDispatcher[0m] Started Event: client_connected
I [2015-08-28 02:06:37.942] [[32mDispatcher[0m] [36mName:[0m client_connected
I [2015-08-28 02:06:37.942] [[32mDispatcher[0m] [36mData:[0m {"connection_id"=>"d446f34fb8c828847e8d"}
I [2015-08-28 02:06:37.942] [[32mDispatcher[0m] [36mConnection:[0m #<Connection::d446f34fb8c828847e8d>
I [2015-08-28 02:06:37.986] [[32mDispatcher[0m] Event client_connected Finished in 0.044163806 seconds
I [2015-08-28 02:08:19.511] [[32mConnectionManager[0m] Connection closed: #<Connection::d446f34fb8c828847e8d>
I [2015-08-28 02:08:19.511] [[32mDispatcher[0m] Started Event: client_disconnected
I [2015-08-28 02:08:19.511] [[32mDispatcher[0m] [36mName:[0m client_disconnected
I [2015-08-28 02:08:19.511] [[32mDispatcher[0m] [36mConnection:[0m #<Connection::d446f34fb8c828847e8d>
I [2015-08-28 02:08:19.512] [[32mDispatcher[0m] Event client_disconnected Finished in 0.000633454 seconds
I [2015-08-28 02:09:26.756] [[32mConnectionManager[0m] Connection opened: #<Connection::b6df8ab31055efd9c565>
I [2015-08-28 02:09:26.758] [[32mDispatcher[0m] Started Event: client_connected
I [2015-08-28 02:09:26.758] [[32mDispatcher[0m] [36mName:[0m client_connected
I [2015-08-28 02:09:26.758] [[32mDispatcher[0m] [36mData:[0m {"connection_id"=>"b6df8ab31055efd9c565"}
I [2015-08-28 02:09:26.758] [[32mDispatcher[0m] [36mConnection:[0m #<Connection::b6df8ab31055efd9c565>
I [2015-08-28 02:09:26.799] [[32mDispatcher[0m] Event client_connected Finished in 0.041265132 seconds
I [2015-08-28 03:08:08.616] [[32mConnectionManager[0m] Connection closed: #<Connection::30942cc13dfe119ddb0a>
I [2015-08-28 03:08:08.616] [[32mConnectionManager[0m] Connection closed: #<Connection::b6df8ab31055efd9c565>
I [2015-08-28 03:08:08.616] [[32mDispatcher[0m] Started Event: client_disconnected
I [2015-08-28 03:08:08.616] [[32mDispatcher[0m] [36mName:[0m client_disconnected
I [2015-08-28 03:08:08.616] [[32mDispatcher[0m] [36mConnection:[0m #<Connection::30942cc13dfe119ddb0a>
I [2015-08-28 03:08:08.617] [[32mDispatcher[0m] Event client_disconnected Finished in 0.000282683 seconds
I [2015-08-28 03:08:08.617] [[32mDispatcher[0m] Started Event: client_disconnected
I [2015-08-28 03:08:08.617] [[32mDispatcher[0m] [36mName:[0m client_disconnected
I [2015-08-28 03:08:08.617] [[32mDispatcher[0m] [36mConnection:[0m #<Connection::b6df8ab31055efd9c565>
I [2015-08-28 03:08:08.617] [[32mDispatcher[0m] Event client_disconnected Finished in 0.000186358 seconds
